<?xml version="1.0" ?>
<testsuite name="TestContactCreation-20250915011606" tests="1" time="36.632" failures="0" errors="0">
	<testcase classname="TestContactCreation" name="test_complete_flow" time="36.632"/>
	<system-out><![CDATA[Remplissage du champ name...
 Échec avec input[placeholder='e.g. Brandon Freeman']: Message: no such element: Unable to locate element: {"method":"css selector","selector":"input[placeholder='e.g. Brandon Freeman']"}
  (Session info: chrome=139.0.7258.155); For documentation on this error, please visit: https://www.selenium.dev/documentation/webdriver/troubleshooting/errors#no-such-element-exception
Stacktrace:
	GetHandleVerifier [0x0x55a8a3+63283]
	GetHandleVerifier [0x0x55a8e4+63348]
	(No symbol) [0x0x393e43]
	(No symbol) [0x0x3dc8de]
	(No symbol) [0x0x3dcc7b]
	(No symbol) [0x0x424ef2]
	(No symbol) [0x0x401464]
	(No symbol) [0x0x42271a]
	(No symbol) [0x0x401216]
	(No symbol) [0x0x3d0855]
	(No symbol) [0x0x3d16f4]
	GetHandleVerifier [0x0x7cbb43+2623955]
	GetHandleVerifier [0x0x7c6daa+2604090]
	GetHandleVerifier [0x0x58069a+218410]
	GetHandleVerifier [0x0x570ed8+154984]
	GetHandleVerifier [0x0x57742d+180925]
	GetHandleVerifier [0x0x5622b8+94536]
	GetHandleVerifier [0x0x562442+94930]
	GetHandleVerifier [0x0x54d5ea+9338]
	BaseThreadInitThunk [0x0x76457ba9+25]
	RtlInitializeExceptionChain [0x0x7740c3ab+107]
	RtlClearBits [0x0x7740c32f+191]

 Échec avec input[placeholder*='Brandon Freeman']: Message: no such element: Unable to locate element: {"method":"css selector","selector":"input[placeholder*='Brandon Freeman']"}
  (Session info: chrome=139.0.7258.155); For documentation on this error, please visit: https://www.selenium.dev/documentation/webdriver/troubleshooting/errors#no-such-element-exception
Stacktrace:
	GetHandleVerifier [0x0x55a8a3+63283]
	GetHandleVerifier [0x0x55a8e4+63348]
	(No symbol) [0x0x393e43]
	(No symbol) [0x0x3dc8de]
	(No symbol) [0x0x3dcc7b]
	(No symbol) [0x0x424ef2]
	(No symbol) [0x0x401464]
	(No symbol) [0x0x42271a]
	(No symbol) [0x0x401216]
	(No symbol) [0x0x3d0855]
	(No symbol) [0x0x3d16f4]
	GetHandleVerifier [0x0x7cbb43+2623955]
	GetHandleVerifier [0x0x7c6daa+2604090]
	GetHandleVerifier [0x0x58069a+218410]
	GetHandleVerifier [0x0x570ed8+154984]
	GetHandleVerifier [0x0x57742d+180925]
	GetHandleVerifier [0x0x5622b8+94536]
	GetHandleVerifier [0x0x562442+94930]
	GetHandleVerifier [0x0x54d5ea+9338]
	BaseThreadInitThunk [0x0x76457ba9+25]
	RtlInitializeExceptionChain [0x0x7740c3ab+107]
	RtlClearBits [0x0x7740c32f+191]

 Échec avec input[id='o_field_input_200']: Message: no such element: Unable to locate element: {"method":"css selector","selector":"input[id='o_field_input_200']"}
  (Session info: chrome=139.0.7258.155); For documentation on this error, please visit: https://www.selenium.dev/documentation/webdriver/troubleshooting/errors#no-such-element-exception
Stacktrace:
	GetHandleVerifier [0x0x55a8a3+63283]
	GetHandleVerifier [0x0x55a8e4+63348]
	(No symbol) [0x0x393e43]
	(No symbol) [0x0x3dc8de]
	(No symbol) [0x0x3dcc7b]
	(No symbol) [0x0x424ef2]
	(No symbol) [0x0x401464]
	(No symbol) [0x0x42271a]
	(No symbol) [0x0x401216]
	(No symbol) [0x0x3d0855]
	(No symbol) [0x0x3d16f4]
	GetHandleVerifier [0x0x7cbb43+2623955]
	GetHandleVerifier [0x0x7c6daa+2604090]
	GetHandleVerifier [0x0x58069a+218410]
	GetHandleVerifier [0x0x570ed8+154984]
	GetHandleVerifier [0x0x57742d+180925]
	GetHandleVerifier [0x0x5622b8+94536]
	GetHandleVerifier [0x0x562442+94930]
	GetHandleVerifier [0x0x54d5ea+9338]
	BaseThreadInitThunk [0x0x76457ba9+25]
	RtlInitializeExceptionChain [0x0x7740c3ab+107]
	RtlClearBits [0x0x7740c32f+191]

 Échec avec input[id='o_field_input_281']: Message: no such element: Unable to locate element: {"method":"css selector","selector":"input[id='o_field_input_281']"}
  (Session info: chrome=139.0.7258.155); For documentation on this error, please visit: https://www.selenium.dev/documentation/webdriver/troubleshooting/errors#no-such-element-exception
Stacktrace:
	GetHandleVerifier [0x0x55a8a3+63283]
	GetHandleVerifier [0x0x55a8e4+63348]
	(No symbol) [0x0x393e43]
	(No symbol) [0x0x3dc8de]
	(No symbol) [0x0x3dcc7b]
	(No symbol) [0x0x424ef2]
	(No symbol) [0x0x401464]
	(No symbol) [0x0x42271a]
	(No symbol) [0x0x401216]
	(No symbol) [0x0x3d0855]
	(No symbol) [0x0x3d16f4]
	GetHandleVerifier [0x0x7cbb43+2623955]
	GetHandleVerifier [0x0x7c6daa+2604090]
	GetHandleVerifier [0x0x58069a+218410]
	GetHandleVerifier [0x0x570ed8+154984]
	GetHandleVerifier [0x0x57742d+180925]
	GetHandleVerifier [0x0x5622b8+94536]
	GetHandleVerifier [0x0x562442+94930]
	GetHandleVerifier [0x0x54d5ea+9338]
	BaseThreadInitThunk [0x0x76457ba9+25]
	RtlInitializeExceptionChain [0x0x7740c3ab+107]
	RtlClearBits [0x0x7740c32f+191]

 Nom rempli avec sélecteur: input.o_input[type='text']
Rempli: input[name='phone'] = +216 52 369 827
Rempli: input[name='mobile'] = +216 52 369 828
Rempli: input[name='email'] = flohair@example.com
Rempli: input[name='street'] = 123 Main St
Rempli: input[name='street2'] = Suite 400
Rempli: input[name='city'] = Tunis
Rempli: input[name='zip'] = 1000
Rempli: input[name='website'] = https://example.com
Bouton Save cliqué
Formulaire rempli avec succès - soumission assumée réussie
SUCCÈS: Contact 'Flora M' trouvé dans la liste
SUCCES: Contact créé et vérifié dans la base de donnée
]]></system-out>
	<system-err><![CDATA[]]></system-err>
</testsuite>
