<?xml version="1.0" ?>
<testsuite name="TestOdooLogin-20250917131428" tests="1" time="32.692" failures="0" errors="0">
	<testcase classname="TestOdooLogin" name="test_login" time="32.692"/>
	<system-out><![CDATA[Screenshot sauvegardé : screenshot_20250917_131435_01_login_page.png
Screenshot sauvegardé : screenshot_20250917_131435_02_email_entered.png
Screenshot sauvegardé : screenshot_20250917_131435_03_password_submitted.png
Screenshot sauvegardé : screenshot_20250917_131435_04_login_success.png
Connexion réussie - Page titre contient 'Odoo'
Screenshot sauvegardé : screenshot_20250917_131435_final_error_state.png
]]></system-out>
	<system-err><![CDATA[]]></system-err>
</testsuite>
