<?xml version="1.0" ?>
<testsuite name="TestOdooLogin-20250915010843" tests="1" time="25.072" failures="0" errors="0">
	<testcase classname="TestOdooLogin" name="test_login" time="25.072"/>
	<system-out><![CDATA[Screenshot sauvegardé : screenshot_20250915_010851_01_login_page.png
Screenshot sauvegardé : screenshot_20250915_010851_02_email_entered.png
Screenshot sauvegardé : screenshot_20250915_010851_03_password_submitted.png
Screenshot sauvegardé : screenshot_20250915_010851_04_login_success.png
Connexion réussie - Page titre contient 'Odoo'
Screenshot sauvegardé : screenshot_20250915_010851_final_error_state.png
]]></system-out>
	<system-err><![CDATA[]]></system-err>
</testsuite>
