<?xml version="1.0" ?>
<testsuite name="TestOdooLogin-20250917143313" tests="1" time="23.934" failures="0" errors="0">
	<testcase classname="TestOdooLogin" name="test_login" time="23.934"/>
	<system-out><![CDATA[Screenshot sauvegardé : screenshot_20250917_143317_01_login_page.png
Screenshot sauvegardé : screenshot_20250917_143317_02_email_entered.png
Screenshot sauvegardé : screenshot_20250917_143317_03_password_submitted.png
Screenshot sauvegardé : screenshot_20250917_143317_04_login_success.png
Connexion réussie - Page titre contient 'Odoo'
Screenshot sauvegardé : screenshot_20250917_143317_final_error_state.png
]]></system-out>
	<system-err><![CDATA[]]></system-err>
</testsuite>
