<?xml version="1.0" ?>
<testsuite name="TestLoginFailure-20250917143416" tests="4" time="51.640" failures="0" errors="0">
	<testcase classname="TestLoginFailure" name="test_login_empty_fields" time="14.071"/>
	<testcase classname="TestLoginFailure" name="test_login_sql_injection" time="18.827"/>
	<testcase classname="TestLoginFailure" name="test_login_with_wrong_email" time="8.946"/>
	<testcase classname="TestLoginFailure" name="test_login_with_wrong_password" time="9.796"/>
	<system-out><![CDATA[Test: Login avec champs vides...
Screenshot sauvegardé : screenshot_20250917_143422_aucune information.png
✓ Validation HTML5 fonctionne
Screenshot sauvegardé : screenshot_20250917_143422_attribut required.png
Screenshot sauvegardé : screenshot_20250917_143422_final_error.png
Test: Tentative d'injection SQL...
Screenshot sauvegardé : screenshot_20250917_143431_injection sql.png
Screenshot sauvegardé : screenshot_20250917_143431_email_password.png
Screenshot sauvegardé : screenshot_20250917_143431_echec login.png
✓ Injection SQL bloquée: ' OR '1'='1
Screenshot sauvegardé : screenshot_20250917_143431_email_password.png
Screenshot sauvegardé : screenshot_20250917_143431_echec login.png
✓ Injection SQL bloquée: '; DROP TABLE users; --
Screenshot sauvegardé : screenshot_20250917_143431_email_password.png
Screenshot sauvegardé : screenshot_20250917_143431_echec login.png
✓ Injection SQL bloquée: admin'--
Screenshot sauvegardé : screenshot_20250917_143431_email_password.png
Screenshot sauvegardé : screenshot_20250917_143431_echec login.png
✓ Injection SQL bloquée: ' UNION SELECT * FROM users --
Screenshot sauvegardé : screenshot_20250917_143431_final_error.png
Test: Login avec email inexistant...
Screenshot sauvegardé : screenshot_20250917_143450_email inexistant.png
Screenshot sauvegardé : screenshot_20250917_143450_password.png
✓ Message d'erreur détecté pour email inexistant
Screenshot sauvegardé : screenshot_20250917_143450_final_error.png
Test: Login avec mot de passe incorrect...
Screenshot sauvegardé : screenshot_20250917_143459_login_page.png
Screenshot sauvegardé : screenshot_20250917_143459_email_existant.png
Screenshot sauvegardé : screenshot_20250917_143459_Mauvais mot de passe.png
✓ Message d'erreur détecté
✓ Message d'erreur correct
Screenshot sauvegardé : screenshot_20250917_143459_erreur correct.png
Screenshot sauvegardé : screenshot_20250917_143459_final_error.png
]]></system-out>
	<system-err><![CDATA[Error sending stats to Plausible: error sending request for url (https://plausible.io/api/event)
]]></system-err>
</testsuite>
